-------------------------------------------------------------------------------
Test set: ec.edu.espe.calculator.controller.BasicOperationTest
-------------------------------------------------------------------------------
Tests run: 3, Failures: 3, Errors: 0, Skipped: 0, Time elapsed: 0.078 s <<< FAILURE! -- in ec.edu.espe.calculator.controller.BasicOperationTest
ec.edu.espe.calculator.controller.BasicOperationTest.testAdd -- Time elapsed: 0.032 s <<< FAILURE!
org.opentest4j.AssertionFailedError: The test case is a prototype.
	at org.junit.jupiter.api.AssertionUtils.fail(AssertionUtils.java:38)
	at org.junit.jupiter.api.Assertions.fail(Assertions.java:138)
	at ec.edu.espe.calculator.controller.BasicOperationTest.testAdd(BasicOperationTest.java:37)
	at java.base/java.lang.reflect.Method.invoke(Method.java:580)
	at java.base/java.util.ArrayList.forEach(ArrayList.java:1596)
	at java.base/java.util.ArrayList.forEach(ArrayList.java:1596)

ec.edu.espe.calculator.controller.BasicOperationTest.testSubtract -- Time elapsed: 0.005 s <<< FAILURE!
org.opentest4j.AssertionFailedError: The test case is a prototype.
	at org.junit.jupiter.api.AssertionUtils.fail(AssertionUtils.java:38)
	at org.junit.jupiter.api.Assertions.fail(Assertions.java:138)
	at ec.edu.espe.calculator.controller.BasicOperationTest.testSubtract(BasicOperationTest.java:52)
	at java.base/java.lang.reflect.Method.invoke(Method.java:580)
	at java.base/java.util.ArrayList.forEach(ArrayList.java:1596)
	at java.base/java.util.ArrayList.forEach(ArrayList.java:1596)

ec.edu.espe.calculator.controller.BasicOperationTest.testSomeMethod -- Time elapsed: 0.004 s <<< FAILURE!
org.opentest4j.AssertionFailedError: The test case is a prototype.
	at org.junit.jupiter.api.AssertionUtils.fail(AssertionUtils.java:38)
	at org.junit.jupiter.api.Assertions.fail(Assertions.java:138)
	at ec.edu.espe.calculator.controller.BasicOperationTest.testSomeMethod(BasicOperationTest.java:22)
	at java.base/java.lang.reflect.Method.invoke(Method.java:580)
	at java.base/java.util.ArrayList.forEach(ArrayList.java:1596)
	at java.base/java.util.ArrayList.forEach(ArrayList.java:1596)

