<?xml version="1.0" encoding="UTF-8"?>
<testsuite xmlns:xsi="http://www.w3.org/2001/XMLSchema-instance" xsi:noNamespaceSchemaLocation="https://maven.apache.org/surefire/maven-surefire-plugin/xsd/surefire-test-report-3.0.xsd" version="3.0" name="ec.edu.espe.calculator.controller.BasicOperationTest" time="0.112" tests="2" errors="0" skipped="0" failures="1">
  <properties>
[...]
</properties>
  <testcase name="testAdd" classname="ec.edu.espe.calculator.controller.BasicOperationTest" time="0.056">
    <failure message="expected: &lt;0.9&gt; but was: &lt;0.9000001&gt;" type="org.opentest4j.AssertionFailedError"><![CDATA[org.opentest4j.AssertionFailedError: expected: <0.9> but was: <0.9000001>
	at org.junit.jupiter.api.AssertionFailureBuilder.build(AssertionFailureBuilder.java:151)
	at org.junit.jupiter.api.AssertionFailureBuilder.buildAndThrow(AssertionFailureBuilder.java:132)
	at org.junit.jupiter.api.AssertEquals.failNotEqual(AssertEquals.java:197)
	at org.junit.jupiter.api.AssertEquals.assertEquals(AssertEquals.java:118)
	at org.junit.jupiter.api.AssertEquals.assertEquals(AssertEquals.java:113)
	at org.junit.jupiter.api.Assertions.assertEquals(Assertions.java:860)
	at ec.edu.espe.calculator.controller.BasicOperationTest.testAdd(BasicOperationTest.java:29)
	at java.base/java.lang.reflect.Method.invoke(Method.java:565)
	at java.base/java.util.ArrayList.forEach(ArrayList.java:1612)
	at java.base/java.util.ArrayList.forEach(ArrayList.java:1612)
]]></failure>
    <system-out><![CDATA[add
]]></system-out>
  </testcase>
  <testcase name="testSubstract" classname="ec.edu.espe.calculator.controller.BasicOperationTest" time="0.004">
    <system-out><![CDATA[substract
]]></system-out>
  </testcase>
</testsuite>