-------------------------------------------------------------------------------
Test set: controller.BasicOperationTest
-------------------------------------------------------------------------------
Tests run: 3, Failures: 3, Errors: 0, Skipped: 0, Time elapsed: 0.108 s <<< FAILURE! -- in controller.BasicOperationTest
controller.BasicOperationTest.testAdd -- Time elapsed: 0.044 s <<< FAILURE!
org.opentest4j.AssertionFailedError: expected: <3.6> but was: <3.6000001>
	at org.junit.jupiter.api.AssertionFailureBuilder.build(AssertionFailureBuilder.java:151)
	at org.junit.jupiter.api.AssertionFailureBuilder.buildAndThrow(AssertionFailureBuilder.java:132)
	at org.junit.jupiter.api.AssertEquals.failNotEqual(AssertEquals.java:197)
	at org.junit.jupiter.api.AssertEquals.assertEquals(AssertEquals.java:118)
	at org.junit.jupiter.api.AssertEquals.assertEquals(AssertEquals.java:113)
	at org.junit.jupiter.api.Assertions.assertEquals(Assertions.java:860)
	at controller.BasicOperationTest.testAdd(BasicOperationTest.java:29)
	at java.base/java.lang.reflect.Method.invoke(Method.java:577)
	at java.base/java.util.ArrayList.forEach(ArrayList.java:1511)
	at java.base/java.util.ArrayList.forEach(ArrayList.java:1511)

controller.BasicOperationTest.testSubtract -- Time elapsed: 0.005 s <<< FAILURE!
org.opentest4j.AssertionFailedError: The test case is a prototype.
	at org.junit.jupiter.api.AssertionUtils.fail(AssertionUtils.java:38)
	at org.junit.jupiter.api.Assertions.fail(Assertions.java:138)
	at controller.BasicOperationTest.testSubtract(BasicOperationTest.java:57)
	at java.base/java.lang.reflect.Method.invoke(Method.java:577)
	at java.base/java.util.ArrayList.forEach(ArrayList.java:1511)
	at java.base/java.util.ArrayList.forEach(ArrayList.java:1511)

controller.BasicOperationTest.testAddsmall -- Time elapsed: 0.005 s <<< FAILURE!
org.opentest4j.AssertionFailedError: The test case is a prototype.
	at org.junit.jupiter.api.AssertionUtils.fail(AssertionUtils.java:38)
	at org.junit.jupiter.api.Assertions.fail(Assertions.java:138)
	at controller.BasicOperationTest.testAddsmall(BasicOperationTest.java:42)
	at java.base/java.lang.reflect.Method.invoke(Method.java:577)
	at java.base/java.util.ArrayList.forEach(ArrayList.java:1511)
	at java.base/java.util.ArrayList.forEach(ArrayList.java:1511)

