<?xml version="1.0" encoding="UTF-8"?>
<testsuite xmlns:xsi="http://www.w3.org/2001/XMLSchema-instance" xsi:noNamespaceSchemaLocation="https://maven.apache.org/surefire/maven-surefire-plugin/xsd/surefire-test-report-3.0.xsd" version="3.0" name="controller.BasicOperationTest" time="0.108" tests="3" errors="0" skipped="0" failures="3">
  <properties>
[...]
</properties>
  <testcase name="testAdd" classname="controller.BasicOperationTest" time="0.044">
    <failure message="expected: &lt;3.6&gt; but was: &lt;3.6000001&gt;" type="org.opentest4j.AssertionFailedError"><![CDATA[org.opentest4j.AssertionFailedError: expected: <3.6> but was: <3.6000001>
	at org.junit.jupiter.api.AssertionFailureBuilder.build(AssertionFailureBuilder.java:151)
	at org.junit.jupiter.api.AssertionFailureBuilder.buildAndThrow(AssertionFailureBuilder.java:132)
	at org.junit.jupiter.api.AssertEquals.failNotEqual(AssertEquals.java:197)
	at org.junit.jupiter.api.AssertEquals.assertEquals(AssertEquals.java:118)
	at org.junit.jupiter.api.AssertEquals.assertEquals(AssertEquals.java:113)
	at org.junit.jupiter.api.Assertions.assertEquals(Assertions.java:860)
	at controller.BasicOperationTest.testAdd(BasicOperationTest.java:29)
	at java.base/java.lang.reflect.Method.invoke(Method.java:577)
	at java.base/java.util.ArrayList.forEach(ArrayList.java:1511)
	at java.base/java.util.ArrayList.forEach(ArrayList.java:1511)
]]></failure>
    <system-out><![CDATA[add
]]></system-out>
  </testcase>
  <testcase name="testSubtract" classname="controller.BasicOperationTest" time="0.005">
    <failure message="The test case is a prototype." type="org.opentest4j.AssertionFailedError"><![CDATA[org.opentest4j.AssertionFailedError: The test case is a prototype.
	at org.junit.jupiter.api.AssertionUtils.fail(AssertionUtils.java:38)
	at org.junit.jupiter.api.Assertions.fail(Assertions.java:138)
	at controller.BasicOperationTest.testSubtract(BasicOperationTest.java:57)
	at java.base/java.lang.reflect.Method.invoke(Method.java:577)
	at java.base/java.util.ArrayList.forEach(ArrayList.java:1511)
	at java.base/java.util.ArrayList.forEach(ArrayList.java:1511)
]]></failure>
    <system-out><![CDATA[subtract
]]></system-out>
  </testcase>
  <testcase name="testAddsmall" classname="controller.BasicOperationTest" time="0.005">
    <failure message="The test case is a prototype." type="org.opentest4j.AssertionFailedError"><![CDATA[org.opentest4j.AssertionFailedError: The test case is a prototype.
	at org.junit.jupiter.api.AssertionUtils.fail(AssertionUtils.java:38)
	at org.junit.jupiter.api.Assertions.fail(Assertions.java:138)
	at controller.BasicOperationTest.testAddsmall(BasicOperationTest.java:42)
	at java.base/java.lang.reflect.Method.invoke(Method.java:577)
	at java.base/java.util.ArrayList.forEach(ArrayList.java:1511)
	at java.base/java.util.ArrayList.forEach(ArrayList.java:1511)
]]></failure>
    <system-out><![CDATA[add
]]></system-out>
  </testcase>
</testsuite>